Arguments: 
  D:\Software\Node.js\node.exe D:\Software\Yarn\bin\yarn.js init

PATH: 
  D:\Software\Cmder\vendor\git-for-windows\mingw64\bin;D:\Software\Cmder\vendor\git-for-windows\usr\bin;C:\Users\Mx\bin;C:\Windows\system32;C:\Windows;C:\Windows\System32\Wbem;C:\Windows\System32\WindowsPowerShell\v1.0;C:\Windows\System32\OpenSSH;D:\Software\Node.js;D:\Software\Yarn\bin;C:\Users\Mx\AppData\Local\Microsoft\WindowsApps;D:\Software\VSCode\bin;C:\Users\Mx\AppData\Roaming\npm;C:\Users\Mx\AppData\Local\Yarn\bin

Yarn version: 
  1.22.5

Node version: 
  16.14.0

Platform: 
  win32 x64

Trace: 
  Error: canceled
      at Interface.<anonymous> (D:\Software\Yarn\lib\cli.js:137009:13)
      at Interface.emit (node:events:520:28)
      at Interface._ttyWrite (node:readline:1081:16)
      at ReadStream.onkeypress (node:readline:288:10)
      at ReadStream.emit (node:events:520:28)
      at emitKeys (node:internal/readline/utils:358:14)
      at emitKeys.next (<anonymous>)
      at ReadStream.onData (node:internal/readline/emitKeypressEvents:61:36)
      at ReadStream.emit (node:events:520:28)
      at addChunk (node:internal/streams/readable:315:12)

npm manifest: 
  No manifest

yarn manifest: 
  No manifest

Lockfile: 
  No lockfile
